<?xml version="1.0" encoding="UTF-8"?>
<testng-results total="1" passed="1" failed="0" skipped="0">
  <reporter-output>
  </reporter-output>
  <suite started-at="2021-01-11T11:27:30Z" name="Suite" finished-at="2021-01-11T11:27:30Z" duration-ms="32">
    <groups>
    </groups>
    <test started-at="2021-01-11T11:27:30Z" name="Test" finished-at="2021-01-11T11:27:30Z" duration-ms="32">
      <class name="medical.SeleniumTest">
        <test-method signature="display()[pri:0, instance:medical.SeleniumTest@5c671d7f]" started-at="2021-01-11T16:57:30Z" name="display" finished-at="2021-01-11T16:57:30Z" duration-ms="15" status="PASS">
          <reporter-output>
          </reporter-output>
        </test-method> <!-- display -->
      </class> <!-- medical.SeleniumTest -->
    </test> <!-- Test -->
  </suite> <!-- Suite -->
</testng-results>
